2017/06/19 22:01:55 [TRACE] Log Mode: File (Trace)
2017/06/19 22:01:55 [ INFO] Gogs 0.11.19.0609
2017/06/19 22:01:55 [ INFO] Cache Service Enabled
2017/06/19 22:01:55 [ INFO] Session Service Enabled
2017/06/19 22:01:55 [ INFO] Git Version: 2.7.4
2017/06/19 22:01:55 [ INFO] SQLite3 Supported
2017/06/19 22:01:55 [ INFO] Run Mode: Production
2017/06/19 22:01:55 [ INFO] First-time run install finished!
2017/06/19 22:01:55 [TRACE] Doing: CheckRepoStats
2017/06/19 22:01:55 [TRACE] Session ID: 630584b36f5643ad
2017/06/19 22:01:55 [TRACE] CSRF Token: moT02SPYUpMNEf5Z-6AO1X08w5c6MTQ5NzkwOTY1MDY5NTUwMzc2OQ==
2017/06/19 22:01:55 [TRACE] Template: user/auth/login
2017/06/19 22:01:57 [TRACE] Session ID: 630584b36f5643ad
2017/06/19 22:01:57 [TRACE] CSRF Token: moT02SPYUpMNEf5Z-6AO1X08w5c6MTQ5NzkwOTY1MDY5NTUwMzc2OQ==
2017/06/19 22:01:57 [TRACE] Template: user/auth/signup
2017/06/19 22:02:18 [TRACE] Session ID: 630584b36f5643ad
2017/06/19 22:02:18 [TRACE] CSRF Token: moT02SPYUpMNEf5Z-6AO1X08w5c6MTQ5NzkwOTY1MDY5NTUwMzc2OQ==
2017/06/19 22:02:18 [TRACE] Account created: vagrant
2017/06/19 22:02:18 [TRACE] Session ID: 630584b36f5643ad
2017/06/19 22:02:18 [TRACE] CSRF Token: moT02SPYUpMNEf5Z-6AO1X08w5c6MTQ5NzkwOTY1MDY5NTUwMzc2OQ==
2017/06/19 22:02:18 [TRACE] Template: user/auth/login
2017/06/19 22:02:21 [TRACE] Session ID: 630584b36f5643ad
2017/06/19 22:02:21 [TRACE] CSRF Token: moT02SPYUpMNEf5Z-6AO1X08w5c6MTQ5NzkwOTY1MDY5NTUwMzc2OQ==
2017/06/19 22:02:21 [TRACE] Session ID: 630584b36f5643ad
2017/06/19 22:02:21 [TRACE] CSRF Token: 1DsEwQ-icQ8oIVOiK815Z4-WZuA6MTQ5NzkwOTc0MTY5MTgzMzU3NQ==
2017/06/19 22:02:21 [TRACE] Template: user/dashboard/dashboard
2017/06/19 22:02:25 [TRACE] Session ID: 630584b36f5643ad
2017/06/19 22:02:25 [TRACE] CSRF Token: 1DsEwQ-icQ8oIVOiK815Z4-WZuA6MTQ5NzkwOTc0MTY5MTgzMzU3NQ==
2017/06/19 22:02:25 [TRACE] Template: repo/create
2017/06/19 22:02:57 [TRACE] Session ID: 630584b36f5643ad
2017/06/19 22:02:57 [TRACE] CSRF Token: 1DsEwQ-icQ8oIVOiK815Z4-WZuA6MTQ5NzkwOTc0MTY5MTgzMzU3NQ==
2017/06/19 22:02:57 [TRACE] Repository created [1]: vagrant/demo-flask-app
2017/06/19 22:02:57 [TRACE] Session ID: 630584b36f5643ad
2017/06/19 22:02:57 [TRACE] CSRF Token: 1DsEwQ-icQ8oIVOiK815Z4-WZuA6MTQ5NzkwOTc0MTY5MTgzMzU3NQ==
2017/06/19 22:02:57 [TRACE] Template: repo/bare
2017/06/19 22:03:58 [TRACE] Session ID: 01ec644f4bb06f45
2017/06/19 22:03:58 [TRACE] CSRF Token: Z3g9cPYHR6OL7k7y0YZUHBK9Y9U6MTQ5NzkwOTgzODkwMDc4NzQwNQ==
2017/06/19 22:03:58 [TRACE] Session ID: 69c29e2d3fe536cd
2017/06/19 22:03:58 [TRACE] CSRF Token: ffwRChxIfsTadMeyyeFrmRIju6A6MTQ5NzkwOTgzODk2Mjg0MTE5NQ==
2017/06/19 22:03:58 [TRACE] Session ID: ef92bdb7b73d7735
2017/06/19 22:03:58 [TRACE] CSRF Token: jukd1CLFHf0QOjbG0N71JMLXREQ6MTQ5NzkwOTgzODk5NDEwNTQ5Mw==
2017/06/19 22:03:59 [TRACE] Session ID: 577788b9a8325402
2017/06/19 22:03:59 [TRACE] CSRF Token: ipB_bqfp56tilacLoABIlRgoTUM6MTQ5NzkwOTgzODk5ODM1MTkyNQ==
2017/06/19 22:03:59 [TRACE] HTTPGit - Authenticated user: vagrant
2017/06/19 22:03:59 [TRACE] Session ID: 895d801f558577b8
2017/06/19 22:03:59 [TRACE] CSRF Token: pjcW_-QUwZWXBAhkRhp45orCte06MTQ5NzkwOTgzOTIwODE5Nzc1Mg==
2017/06/19 22:03:59 [TRACE] TriggerTask 'demo-flask-app/master' by 'vagrant'
2017/06/19 22:03:59 [TRACE] AddTestPullRequestTask [head_repo_id: 1, head_branch: master]: finding pull requests
2017/06/19 22:03:59 [TRACE] AddTestPullRequestTask [base_repo_id: 1, base_branch: master]: finding pull requests
2017/06/19 22:03:59 [TRACE] DeliverHooks [repo_id: 1]
2017/06/19 22:04:02 [TRACE] Session ID: 630584b36f5643ad
2017/06/19 22:04:02 [TRACE] CSRF Token: 1DsEwQ-icQ8oIVOiK815Z4-WZuA6MTQ5NzkwOTc0MTY5MTgzMzU3NQ==
2017/06/19 22:04:02 [TRACE] Template: repo/home
2017/06/19 22:04:10 [TRACE] Session ID: 630584b36f5643ad
2017/06/19 22:04:10 [TRACE] CSRF Token: 1DsEwQ-icQ8oIVOiK815Z4-WZuA6MTQ5NzkwOTc0MTY5MTgzMzU3NQ==
2017/06/19 22:04:10 [TRACE] Template: repo/home
2017/06/19 22:04:13 [TRACE] Session ID: 630584b36f5643ad
2017/06/19 22:04:13 [TRACE] CSRF Token: 1DsEwQ-icQ8oIVOiK815Z4-WZuA6MTQ5NzkwOTc0MTY5MTgzMzU3NQ==
2017/06/19 22:04:13 [TRACE] Template: repo/home
2017/06/19 22:04:15 [TRACE] Session ID: 630584b36f5643ad
2017/06/19 22:04:15 [TRACE] CSRF Token: 1DsEwQ-icQ8oIVOiK815Z4-WZuA6MTQ5NzkwOTc0MTY5MTgzMzU3NQ==
2017/06/19 22:04:15 [TRACE] Template: user/dashboard/dashboard
2017/06/19 22:04:48 [TRACE] Session ID: 630584b36f5643ad
2017/06/19 22:04:48 [TRACE] CSRF Token: 1DsEwQ-icQ8oIVOiK815Z4-WZuA6MTQ5NzkwOTc0MTY5MTgzMzU3NQ==
2017/06/19 22:04:48 [TRACE] Template: repo/home
2017/06/19 22:04:49 [TRACE] Session ID: 630584b36f5643ad
2017/06/19 22:04:49 [TRACE] CSRF Token: 1DsEwQ-icQ8oIVOiK815Z4-WZuA6MTQ5NzkwOTc0MTY5MTgzMzU3NQ==
2017/06/19 22:04:49 [TRACE] Template: repo/settings/options
2017/06/19 22:05:03 [TRACE] Session ID: 630584b36f5643ad
2017/06/19 22:05:03 [TRACE] CSRF Token: 1DsEwQ-icQ8oIVOiK815Z4-WZuA6MTQ5NzkwOTc0MTY5MTgzMzU3NQ==
2017/06/19 22:05:03 [TRACE] Repository deleted: vagrant/demo-flask-app
2017/06/19 22:05:03 [TRACE] Session ID: 630584b36f5643ad
2017/06/19 22:05:03 [TRACE] CSRF Token: 1DsEwQ-icQ8oIVOiK815Z4-WZuA6MTQ5NzkwOTc0MTY5MTgzMzU3NQ==
2017/06/19 22:05:03 [TRACE] Template: user/dashboard/dashboard
2017/06/19 22:06:56 [TRACE] Session ID: 630584b36f5643ad
2017/06/19 22:06:56 [TRACE] CSRF Token: 1DsEwQ-icQ8oIVOiK815Z4-WZuA6MTQ5NzkwOTc0MTY5MTgzMzU3NQ==
2017/06/19 22:06:56 [TRACE] Template: repo/create
2017/06/19 22:07:03 [TRACE] Session ID: 630584b36f5643ad
2017/06/19 22:07:03 [TRACE] CSRF Token: 1DsEwQ-icQ8oIVOiK815Z4-WZuA6MTQ5NzkwOTc0MTY5MTgzMzU3NQ==
2017/06/19 22:07:03 [TRACE] Repository created [2]: vagrant/demo-flask-app
2017/06/19 22:07:03 [TRACE] Session ID: 630584b36f5643ad
2017/06/19 22:07:03 [TRACE] CSRF Token: 1DsEwQ-icQ8oIVOiK815Z4-WZuA6MTQ5NzkwOTc0MTY5MTgzMzU3NQ==
2017/06/19 22:07:03 [TRACE] Template: repo/bare
2017/06/19 22:07:23 [TRACE] Session ID: 6be7f6be737fa988
2017/06/19 22:07:23 [TRACE] CSRF Token: 1Fn24otQMqWLgx1mwtnDWd54W9s6MTQ5NzkxMDA0MzgwOTk5ODM5MQ==
2017/06/19 22:07:23 [TRACE] Session ID: 611ff6dec875637f
2017/06/19 22:07:23 [TRACE] CSRF Token: 1jDLl4ngdoa92DoCG5jJyz9s_Ls6MTQ5NzkxMDA0MzgyODMxOTQxNg==
2017/06/19 22:07:23 [TRACE] Session ID: a2d0ac3d4fcd43b6
2017/06/19 22:07:23 [TRACE] CSRF Token: ArMm1Vadgz7rh5lNKTchCInUPbM6MTQ5NzkxMDA0Mzg2MzkyODgwMQ==
2017/06/19 22:07:23 [TRACE] Session ID: 542ea383e95cfd35
2017/06/19 22:07:23 [TRACE] CSRF Token: A6UBA6T6mjELf2SPzfE3uaD9Cok6MTQ5NzkxMDA0Mzg2Nzg0MjE0OA==
2017/06/19 22:07:23 [TRACE] HTTPGit - Authenticated user: vagrant
2017/06/19 22:07:24 [TRACE] Session ID: 7d479791a06c88d9
2017/06/19 22:07:24 [TRACE] CSRF Token: Dfh7g0-iuImCCg-FOivJL6L7z-Y6MTQ5NzkxMDA0NDA1MDg0MTM1MQ==
2017/06/19 22:07:24 [TRACE] TriggerTask 'demo-flask-app/master' by 'vagrant'
2017/06/19 22:07:24 [TRACE] AddTestPullRequestTask [head_repo_id: 2, head_branch: master]: finding pull requests
2017/06/19 22:07:24 [TRACE] AddTestPullRequestTask [base_repo_id: 2, base_branch: master]: finding pull requests
2017/06/19 22:07:24 [TRACE] DeliverHooks [repo_id: 2]
2017/06/19 22:07:28 [TRACE] Session ID: 630584b36f5643ad
2017/06/19 22:07:28 [TRACE] CSRF Token: 1DsEwQ-icQ8oIVOiK815Z4-WZuA6MTQ5NzkwOTc0MTY5MTgzMzU3NQ==
2017/06/19 22:07:28 [TRACE] Template: repo/home
2017/06/19 22:07:32 [TRACE] Session ID: 630584b36f5643ad
2017/06/19 22:07:32 [TRACE] CSRF Token: 1DsEwQ-icQ8oIVOiK815Z4-WZuA6MTQ5NzkwOTc0MTY5MTgzMzU3NQ==
2017/06/19 22:07:32 [TRACE] Template: user/dashboard/dashboard
2017/06/19 22:07:41 [TRACE] Session ID: 630584b36f5643ad
2017/06/19 22:07:41 [TRACE] CSRF Token: 1DsEwQ-icQ8oIVOiK815Z4-WZuA6MTQ5NzkwOTc0MTY5MTgzMzU3NQ==
2017/06/19 22:07:41 [TRACE] Template: repo/create
2017/06/19 22:08:17 [TRACE] Session ID: 630584b36f5643ad
2017/06/19 22:08:17 [TRACE] CSRF Token: 1DsEwQ-icQ8oIVOiK815Z4-WZuA6MTQ5NzkwOTc0MTY5MTgzMzU3NQ==
2017/06/19 22:08:17 [TRACE] Repository created [3]: vagrant/local-project-repo
2017/06/19 22:08:17 [TRACE] Session ID: 630584b36f5643ad
2017/06/19 22:08:17 [TRACE] CSRF Token: 1DsEwQ-icQ8oIVOiK815Z4-WZuA6MTQ5NzkwOTc0MTY5MTgzMzU3NQ==
2017/06/19 22:08:17 [TRACE] Template: repo/bare
2017/06/19 22:09:44 [TRACE] Session ID: edd8f75d3046451e
2017/06/19 22:09:44 [TRACE] CSRF Token: 1y6tl1NxC-ppNLlI2WW58_h0qOU6MTQ5NzkxMDE4NDA3Mjg2NTUzMg==
2017/06/19 22:09:44 [TRACE] Session ID: 67249962666f70ec
2017/06/19 22:09:44 [TRACE] CSRF Token: rkClwIfskVKibN_5SHTnuocUmxU6MTQ5NzkxMDE4NDA4ODc1ODc1OA==
2017/06/19 22:09:44 [TRACE] Session ID: a7cc78087b03ed51
2017/06/19 22:09:44 [TRACE] CSRF Token: NigLv3oZlM4xIhGOkNkhkvMQDJU6MTQ5NzkxMDE4NDEyNTI1OTAyMA==
2017/06/19 22:09:44 [TRACE] Session ID: eef966c8ac1138da
2017/06/19 22:09:44 [TRACE] CSRF Token: jFfvcl4Uvi6o9cAMcwZHmc3IziU6MTQ5NzkxMDE4NDEyOTE1MTM2Mw==
2017/06/19 22:09:44 [TRACE] HTTPGit - Authenticated user: vagrant
2017/06/19 22:09:44 [TRACE] Session ID: 651957e6b730f361
2017/06/19 22:09:44 [TRACE] CSRF Token: 28k_CZINURKr_TOoMRpKAWpMiiU6MTQ5NzkxMDE4NDMxNTI1ODI4OQ==
2017/06/19 22:09:44 [TRACE] TriggerTask 'local-project-repo/master' by 'vagrant'
2017/06/19 22:09:44 [TRACE] AddTestPullRequestTask [head_repo_id: 3, head_branch: master]: finding pull requests
2017/06/19 22:09:44 [TRACE] AddTestPullRequestTask [base_repo_id: 3, base_branch: master]: finding pull requests
2017/06/19 22:09:44 [TRACE] DeliverHooks [repo_id: 3]
2017/06/19 22:09:46 [TRACE] Session ID: 630584b36f5643ad
2017/06/19 22:09:46 [TRACE] CSRF Token: 1DsEwQ-icQ8oIVOiK815Z4-WZuA6MTQ5NzkwOTc0MTY5MTgzMzU3NQ==
2017/06/19 22:09:46 [TRACE] Template: repo/home
2017/06/19 22:09:48 [TRACE] Session ID: 630584b36f5643ad
2017/06/19 22:09:48 [TRACE] CSRF Token: 1DsEwQ-icQ8oIVOiK815Z4-WZuA6MTQ5NzkwOTc0MTY5MTgzMzU3NQ==
2017/06/19 22:09:48 [TRACE] Template: repo/settings/options
2017/06/19 22:09:50 [TRACE] Session ID: 630584b36f5643ad
2017/06/19 22:09:50 [TRACE] CSRF Token: 1DsEwQ-icQ8oIVOiK815Z4-WZuA6MTQ5NzkwOTc0MTY5MTgzMzU3NQ==
2017/06/19 22:09:50 [TRACE] Template: repo/settings/webhook/base
2017/06/19 22:09:53 [TRACE] Session ID: 630584b36f5643ad
2017/06/19 22:09:53 [TRACE] CSRF Token: 1DsEwQ-icQ8oIVOiK815Z4-WZuA6MTQ5NzkwOTc0MTY5MTgzMzU3NQ==
2017/06/19 22:09:53 [TRACE] Template: repo/settings/webhook/new
2017/06/19 22:10:39 [TRACE] Session ID: 630584b36f5643ad
2017/06/19 22:10:39 [TRACE] CSRF Token: 1DsEwQ-icQ8oIVOiK815Z4-WZuA6MTQ5NzkwOTc0MTY5MTgzMzU3NQ==
2017/06/19 22:10:39 [TRACE] Session ID: 630584b36f5643ad
2017/06/19 22:10:39 [TRACE] CSRF Token: 1DsEwQ-icQ8oIVOiK815Z4-WZuA6MTQ5NzkwOTc0MTY5MTgzMzU3NQ==
2017/06/19 22:10:39 [TRACE] Template: repo/settings/webhook/base
2017/06/19 22:10:42 [TRACE] Session ID: 630584b36f5643ad
2017/06/19 22:10:42 [TRACE] CSRF Token: 1DsEwQ-icQ8oIVOiK815Z4-WZuA6MTQ5NzkwOTc0MTY5MTgzMzU3NQ==
2017/06/19 22:10:42 [TRACE] Template: user/profile
2017/06/19 22:10:44 [TRACE] Session ID: 630584b36f5643ad
2017/06/19 22:10:44 [TRACE] CSRF Token: 1DsEwQ-icQ8oIVOiK815Z4-WZuA6MTQ5NzkwOTc0MTY5MTgzMzU3NQ==
2017/06/19 22:10:44 [TRACE] Template: repo/home
2017/06/19 22:10:45 [TRACE] Session ID: 630584b36f5643ad
2017/06/19 22:10:45 [TRACE] CSRF Token: 1DsEwQ-icQ8oIVOiK815Z4-WZuA6MTQ5NzkwOTc0MTY5MTgzMzU3NQ==
2017/06/19 22:10:45 [TRACE] Template: repo/settings/options
2017/06/19 22:10:53 [TRACE] Session ID: 630584b36f5643ad
2017/06/19 22:10:53 [TRACE] CSRF Token: 1DsEwQ-icQ8oIVOiK815Z4-WZuA6MTQ5NzkwOTc0MTY5MTgzMzU3NQ==
2017/06/19 22:10:53 [TRACE] Template: repo/settings/webhook/base
2017/06/19 22:10:55 [TRACE] Session ID: 630584b36f5643ad
2017/06/19 22:10:55 [TRACE] CSRF Token: 1DsEwQ-icQ8oIVOiK815Z4-WZuA6MTQ5NzkwOTc0MTY5MTgzMzU3NQ==
2017/06/19 22:10:55 [TRACE] Template: repo/settings/webhook/new
2017/06/19 22:10:57 [TRACE] Session ID: 630584b36f5643ad
2017/06/19 22:10:57 [TRACE] CSRF Token: 1DsEwQ-icQ8oIVOiK815Z4-WZuA6MTQ5NzkwOTc0MTY5MTgzMzU3NQ==
2017/06/19 22:10:57 [TRACE] Session ID: 630584b36f5643ad
2017/06/19 22:10:57 [TRACE] CSRF Token: 1DsEwQ-icQ8oIVOiK815Z4-WZuA6MTQ5NzkwOTc0MTY5MTgzMzU3NQ==
2017/06/19 22:10:57 [TRACE] Template: repo/settings/webhook/base
